<?xml version="1.0" encoding="UTF-8"?>
<testsuite name="com.test.fruitShop.FruitShopApplicationTests" time="0.07" tests="1" errors="0" skipped="0" failures="0">
  <properties>
    <property name="java.runtime.name" value="Java(TM) SE Runtime Environment"/>
    <property name="sun.boot.library.path" value="C:\Users\Public\desarrollo\dev\jdk1.8.0_131\jre\bin"/>
    <property name="java.vm.version" value="25.131-b11"/>
    <property name="java.vm.vendor" value="Oracle Corporation"/>
    <property name="java.vendor.url" value="http://java.oracle.com/"/>
    <property name="path.separator" value=";"/>
    <property name="guice.disable.misplaced.annotation.check" value="true"/>
    <property name="java.vm.name" value="Java HotSpot(TM) 64-Bit Server VM"/>
    <property name="file.encoding.pkg" value="sun.io"/>
    <property name="user.script" value=""/>
    <property name="user.country" value="ES"/>
    <property name="sun.java.launcher" value="SUN_STANDARD"/>
    <property name="sun.os.patch.level" value=""/>
    <property name="java.vm.specification.name" value="Java Virtual Machine Specification"/>
    <property name="user.dir" value="C:\Users\ps11205\Desktop\prueba\fruitShop\spring-boot-swagger2"/>
    <property name="java.runtime.version" value="1.8.0_131-b11"/>
    <property name="java.awt.graphicsenv" value="sun.awt.Win32GraphicsEnvironment"/>
    <property name="java.endorsed.dirs" value="C:\Users\Public\desarrollo\dev\jdk1.8.0_131\jre\lib\endorsed"/>
    <property name="os.arch" value="amd64"/>
    <property name="java.io.tmpdir" value="C:\Users\ps11205\AppData\Local\Temp\"/>
    <property name="line.separator" value="&#10;"/>
    <property name="java.vm.specification.vendor" value="Oracle Corporation"/>
    <property name="user.variant" value=""/>
    <property name="os.name" value="Windows 10"/>
    <property name="classworlds.conf" value="C:\Users\ps11205\Desktop\prueba\.metadata\.plugins\org.eclipse.m2e.launching\launches\m2conf2854715157318431913.tmp"/>
    <property name="jansi.force" value="true"/>
    <property name="sun.jnu.encoding" value="Cp1252"/>
    <property name="java.library.path" value="C:\Users\Public\desarrollo\dev\jdk1.8.0_131\bin;C:\Windows\Sun\Java\bin;C:\Windows\system32;C:\Windows;C:/Program Files/Java/jre1.8.0_251/bin/server;C:/Program Files/Java/jre1.8.0_251/bin;C:/Program Files/Java/jre1.8.0_251/lib/amd64;C:\Program Files (x86)\Common Files\Oracle\Java\javapath;C:\Program Files (x86)\SenchaSDKTools-1.2.3\appbuilder;C:\Program Files (x86)\SenchaSDKTools-1.2.3\jsbuilder;C:\Program Files (x86)\SenchaSDKTools-1.2.3\command;C:\Program Files (x86)\SenchaSDKTools-1.2.3;C:\Users\Public\programas\senchaCmd\Sencha\Cmd\4.0.5.87;C:\ProgramData\Oracle\Java\javapath;C:\Windows\system32;C:\Windows;C:\Windows\System32\Wbem;C:\Windows\System32\WindowsPowerShell\v1.0\;C:\Windows\System32\OpenSSH\;C:\Program Files\SafeNet\Authentication\SAC\x64;C:\Program Files\SafeNet\Authentication\SAC\x32;C:\Users\Public\desarrollo\apache-ant\bin;C:\Users\Public\desarrollo\apache-maven-3.2.5\bin;C:\Users\Public\programas\java\1.8.131\bin;C:\Program Files\TortoiseSVN\bin;C:\Program Files\nodejs\;C:\Users\ps11205\AppData\Local\Microsoft\WindowsApps;;C:\Users\ps11205\AppData\Local\Programs\Microsoft VS Code\bin;C:\Users\ps11205\AppData\Roaming\npm;C:\Users\Public\spring-tool-suite-3.9.12.RELEASE-e4.15.0-win32-x86_64\sts-bundle\sts-3.9.12.RELEASE;;."/>
    <property name="jansi.passthrough" value="true"/>
    <property name="java.specification.name" value="Java Platform API Specification"/>
    <property name="java.class.version" value="52.0"/>
    <property name="sun.management.compiler" value="HotSpot 64-Bit Tiered Compilers"/>
    <property name="os.version" value="10.0"/>
    <property name="user.home" value="C:\Users\ps11205"/>
    <property name="user.timezone" value="Europe/Paris"/>
    <property name="java.awt.printerjob" value="sun.awt.windows.WPrinterJob"/>
    <property name="java.specification.version" value="1.8"/>
    <property name="file.encoding" value="Cp1252"/>
    <property name="user.name" value="ps11205"/>
    <property name="java.class.path" value="C:\Users\Public\desarrollo\apache-maven-3.2.5\boot\plexus-classworlds-2.5.2.jar"/>
    <property name="java.vm.specification.version" value="1.8"/>
    <property name="sun.arch.data.model" value="64"/>
    <property name="java.home" value="C:\Users\Public\desarrollo\dev\jdk1.8.0_131\jre"/>
    <property name="sun.java.command" value="org.codehaus.plexus.classworlds.launcher.Launcher -B -gs C:\Users\Public\desarrollo\apache-maven-3.2.5\conf\settings.xml -s C:\Users\Public\desarrollo\apache-maven-3.2.5\conf\settings.xml clean package -Dstyle.color=always"/>
    <property name="java.specification.vendor" value="Oracle Corporation"/>
    <property name="user.language" value="es"/>
    <property name="awt.toolkit" value="sun.awt.windows.WToolkit"/>
    <property name="java.vm.info" value="mixed mode"/>
    <property name="java.version" value="1.8.0_131"/>
    <property name="java.ext.dirs" value="C:\Users\Public\desarrollo\dev\jdk1.8.0_131\jre\lib\ext;C:\Windows\Sun\Java\lib\ext"/>
    <property name="sun.boot.class.path" value="C:\Users\Public\desarrollo\dev\jdk1.8.0_131\jre\lib\resources.jar;C:\Users\Public\desarrollo\dev\jdk1.8.0_131\jre\lib\rt.jar;C:\Users\Public\desarrollo\dev\jdk1.8.0_131\jre\lib\sunrsasign.jar;C:\Users\Public\desarrollo\dev\jdk1.8.0_131\jre\lib\jsse.jar;C:\Users\Public\desarrollo\dev\jdk1.8.0_131\jre\lib\jce.jar;C:\Users\Public\desarrollo\dev\jdk1.8.0_131\jre\lib\charsets.jar;C:\Users\Public\desarrollo\dev\jdk1.8.0_131\jre\lib\jfr.jar;C:\Users\Public\desarrollo\dev\jdk1.8.0_131\jre\classes"/>
    <property name="java.vendor" value="Oracle Corporation"/>
    <property name="maven.home" value="C:\Users\Public\desarrollo\apache-maven-3.2.5"/>
    <property name="style.color" value="always"/>
    <property name="file.separator" value="\"/>
    <property name="java.vendor.url.bug" value="http://bugreport.sun.com/bugreport/"/>
    <property name="sun.cpu.endian" value="little"/>
    <property name="sun.io.unicode.encoding" value="UnicodeLittle"/>
    <property name="sun.desktop" value="windows"/>
    <property name="sun.cpu.isalist" value="amd64"/>
  </properties>
  <testcase name="contextLoads" classname="com.test.fruitShop.FruitShopApplicationTests" time="0.07"/>
</testsuite>